2016-12-22 10:20:02,354 ERROR MainApplication:126 - Error Message!
 ERROR MainApplication:126 - Error Message!
2016-12-22 10:24:49,394 ERROR MainApplication:126 - Error Message!
 ERROR MainApplication:126 - Error Message!
2016-12-22 10:27:29,584 ERROR MainApplication:126 - Error Message!
 ERROR MainApplication:126 - Error Message!
2016-12-22 10:30:58,268 ERROR MainApplication:126 - Error Message!
 ERROR MainApplication:126 - Error Message!
2016-12-22 10:32:23,423 ERROR MainApplication:126 - Error Message!
 ERROR MainApplication:126 - Error Message!
2016-12-22 10:38:28,031 ERROR MainApplication:132 - Error Message!
 ERROR MainApplication:132 - Error Message!
2016-12-22 10:45:54,245 ERROR MainApplication:132 - Error Message!
 ERROR MainApplication:132 - Error Message!
2016-12-22 10:47:31,099 ERROR MainApplication:132 - Error Message!
 ERROR MainApplication:132 - Error Message!
2016-12-22 11:02:33,577 ERROR MainApplication:132 - Error Message!
 ERROR MainApplication:132 - Error Message!
2016-12-22 11:27:01,920 ERROR MainApplication:132 - Error Message!
 ERROR MainApplication:132 - Error Message!
2016-12-22 11:31:53,249 ERROR MainApplication:132 - Error Message!
 ERROR MainApplication:132 - Error Message!
2016-12-22 11:34:39,302 ERROR MainApplication:132 - Error Message!
 ERROR MainApplication:132 - Error Message!
2016-12-22 11:34:42,690 ERROR SpringApplication:839 - Application startup failed
 ERROR SpringApplication:839 - Application startup failed
java.lang.IllegalStateException: Failed to execute CommandLineRunner
	at org.springframework.boot.SpringApplication.callRunner(SpringApplication.java:803)
	at org.springframework.boot.SpringApplication.callRunners(SpringApplication.java:784)
	at org.springframework.boot.SpringApplication.afterRefresh(SpringApplication.java:771)
	at org.springframework.boot.SpringApplication.run(SpringApplication.java:316)
	at org.springframework.boot.SpringApplication.run(SpringApplication.java:1186)
	at org.springframework.boot.SpringApplication.run(SpringApplication.java:1175)
	at com.iccspace.MainApplication.main(MainApplication.java:80)
	at sun.reflect.NativeMethodAccessorImpl.invoke0(Native Method)
	at sun.reflect.NativeMethodAccessorImpl.invoke(NativeMethodAccessorImpl.java:62)
	at sun.reflect.DelegatingMethodAccessorImpl.invoke(DelegatingMethodAccessorImpl.java:43)
	at java.lang.reflect.Method.invoke(Method.java:498)
	at org.springframework.boot.devtools.restart.RestartLauncher.run(RestartLauncher.java:49)
Caused by: org.springframework.web.client.HttpClientErrorException: 401 null
	at org.springframework.web.client.DefaultResponseErrorHandler.handleError(DefaultResponseErrorHandler.java:91)
	at org.springframework.web.client.RestTemplate.handleResponse(RestTemplate.java:667)
	at org.springframework.web.client.RestTemplate.doExecute(RestTemplate.java:620)
	at org.springframework.web.client.RestTemplate.execute(RestTemplate.java:580)
	at org.springframework.web.client.RestTemplate.postForObject(RestTemplate.java:380)
	at com.iccspace.MainApplication.run(MainApplication.java:117)
	at org.springframework.boot.SpringApplication.callRunner(SpringApplication.java:800)
	... 11 more
2016-12-22 11:35:27,501 ERROR MainApplication:132 - Error Message!
 ERROR MainApplication:132 - Error Message!
2016-12-22 11:35:31,199 ERROR SpringApplication:839 - Application startup failed
 ERROR SpringApplication:839 - Application startup failed
java.lang.IllegalStateException: Failed to execute CommandLineRunner
	at org.springframework.boot.SpringApplication.callRunner(SpringApplication.java:803)
	at org.springframework.boot.SpringApplication.callRunners(SpringApplication.java:784)
	at org.springframework.boot.SpringApplication.afterRefresh(SpringApplication.java:771)
	at org.springframework.boot.SpringApplication.run(SpringApplication.java:316)
	at org.springframework.boot.SpringApplication.run(SpringApplication.java:1186)
	at org.springframework.boot.SpringApplication.run(SpringApplication.java:1175)
	at com.iccspace.MainApplication.main(MainApplication.java:80)
	at sun.reflect.NativeMethodAccessorImpl.invoke0(Native Method)
	at sun.reflect.NativeMethodAccessorImpl.invoke(NativeMethodAccessorImpl.java:62)
	at sun.reflect.DelegatingMethodAccessorImpl.invoke(DelegatingMethodAccessorImpl.java:43)
	at java.lang.reflect.Method.invoke(Method.java:498)
	at org.springframework.boot.devtools.restart.RestartLauncher.run(RestartLauncher.java:49)
Caused by: org.springframework.web.client.HttpClientErrorException: 401 null
	at org.springframework.web.client.DefaultResponseErrorHandler.handleError(DefaultResponseErrorHandler.java:91)
	at org.springframework.web.client.RestTemplate.handleResponse(RestTemplate.java:667)
	at org.springframework.web.client.RestTemplate.doExecute(RestTemplate.java:620)
	at org.springframework.web.client.RestTemplate.execute(RestTemplate.java:580)
	at org.springframework.web.client.RestTemplate.postForObject(RestTemplate.java:380)
	at com.iccspace.MainApplication.run(MainApplication.java:117)
	at org.springframework.boot.SpringApplication.callRunner(SpringApplication.java:800)
	... 11 more
